[2025-05-11 16:20:08] Inicializando ImageGenerator com API URL: https://api.replicate.com/v1/predictions
[2025-05-11 16:20:08] Iniciando geração de imagem com prompt: me mande uma foto sua, ultrarrealista, 3d, masterpiece, best quality, extremely detailed, ultra realistic, 8k uhd, high resolution, professional lighting, professional photography, sharp focus, perfect composition, perfect anatomy, perfect face, perfect eyes, perfect hands, perfect feet, perfect proportions, perfect composition, perfect lighting, perfect shadows, perfect colors, perfect contrast, perfect focus, perfect depth, perfect perspective, perfect composition, perfect framing, perfect angle, perfect pose, perfect expression
[2025-05-11 16:20:08] Opções de geração: Array
(
    [negative_prompt] => blurry, low quality, distorted, deformed, ugly, bad anatomy, disfigured, poorly drawn face, mutation, mutated, extra limb, poorly drawn hands, missing limb, floating limbs, disconnected limbs, malformed hands, blur, out of focus, long neck, long body, distorted face, bad face, bad eyes, bad hands, bad feet, bad proportions, bad composition, bad lighting, bad shadows, bad colors, bad contrast, bad focus, bad depth, bad perspective, bad composition, bad framing, bad angle, bad pose, bad expression, watermark, signature, text, logo
    [width] => 1024
    [height] => 1024
    [num_outputs] => 1
    [seed] => 
    [disable_safety_checker] => 1
    [num_inference_steps] => 4
    [output_quality] => 100
)

[2025-05-11 16:20:08] Enviando requisição para API Replicate com dados: Array
(
    [version] => 39ed52f2a78e934b3ba6e2a89f5b1c712de7dfea535525255b1aa35c5565e08b
    [input] => Array
        (
            [prompt] => me mande uma foto sua, ultrarrealista, 3d, masterpiece, best quality, extremely detailed, ultra realistic, 8k uhd, high resolution, professional lighting, professional photography, sharp focus, perfect composition, perfect anatomy, perfect face, perfect eyes, perfect hands, perfect feet, perfect proportions, perfect composition, perfect lighting, perfect shadows, perfect colors, perfect contrast, perfect focus, perfect depth, perfect perspective, perfect composition, perfect framing, perfect angle, perfect pose, perfect expression, masterpiece, best quality, extremely detailed, ultra realistic, 8k uhd, high resolution, professional lighting, professional photography, sharp focus, perfect composition, perfect anatomy, perfect face, perfect eyes, perfect hands, perfect feet, perfect proportions, perfect composition, perfect lighting, perfect shadows, perfect colors, perfect contrast, perfect focus, perfect depth, perfect perspective, perfect composition, perfect framing, perfect angle, perfect pose, perfect expression
            [negative_prompt] => blurry, low quality, distorted, deformed, ugly, bad anatomy, disfigured, poorly drawn face, mutation, mutated, extra limb, poorly drawn hands, missing limb, floating limbs, disconnected limbs, malformed hands, blur, out of focus, long neck, long body, distorted face, bad face, bad eyes, bad hands, bad feet, bad proportions, bad composition, bad lighting, bad shadows, bad colors, bad contrast, bad focus, bad depth, bad perspective, bad composition, bad framing, bad angle, bad pose, bad expression, watermark, signature, text, logo
            [width] => 1024
            [height] => 1024
            [num_outputs] => 1
            [disable_safety_checker] => 1
            [num_inference_steps] => 4
            [output_quality] => 100
        )

)

[2025-05-11 16:20:10] Resposta da API Replicate: Array
(
    [id] => 5swrrbmfpdrmc0cpr0jsh32jzr
    [model] => stability-ai/sdxl
    [version] => 7762fd07cf82c948538e41f63f77d685e02b063e37e496e96eefd46c929f9bdc
    [input] => Array
        (
            [disable_safety_checker] => 1
            [height] => 1024
            [negative_prompt] => blurry, low quality, distorted, deformed, ugly, bad anatomy, disfigured, poorly drawn face, mutation, mutated, extra limb, poorly drawn hands, missing limb, floating limbs, disconnected limbs, malformed hands, blur, out of focus, long neck, long body, distorted face, bad face, bad eyes, bad hands, bad feet, bad proportions, bad composition, bad lighting, bad shadows, bad colors, bad contrast, bad focus, bad depth, bad perspective, bad composition, bad framing, bad angle, bad pose, bad expression, watermark, signature, text, logo
            [num_inference_steps] => 4
            [num_outputs] => 1
            [output_quality] => 100
            [prompt] => me mande uma foto sua, ultrarrealista, 3d, masterpiece, best quality, extremely detailed, ultra realistic, 8k uhd, high resolution, professional lighting, professional photography, sharp focus, perfect composition, perfect anatomy, perfect face, perfect eyes, perfect hands, perfect feet, perfect proportions, perfect composition, perfect lighting, perfect shadows, perfect colors, perfect contrast, perfect focus, perfect depth, perfect perspective, perfect composition, perfect framing, perfect angle, perfect pose, perfect expression, masterpiece, best quality, extremely detailed, ultra realistic, 8k uhd, high resolution, professional lighting, professional photography, sharp focus, perfect composition, perfect anatomy, perfect face, perfect eyes, perfect hands, perfect feet, perfect proportions, perfect composition, perfect lighting, perfect shadows, perfect colors, perfect contrast, perfect focus, perfect depth, perfect perspective, perfect composition, perfect framing, perfect angle, perfect pose, perfect expression
            [width] => 1024
        )

    [logs] => 
    [output] => Array
        (
            [0] => https://replicate.delivery/xezq/wcaBQHSLiPpiCNbchbt3Pf3isoZaX5YFGpU2tS0ffD50BQXpA/out-0.png
        )

    [data_removed] => 
    [error] => 
    [status] => processing
    [created_at] => 2025-05-11T16:20:09.267Z
    [urls] => Array
        (
            [cancel] => https://api.replicate.com/v1/predictions/5swrrbmfpdrmc0cpr0jsh32jzr/cancel
            [get] => https://api.replicate.com/v1/predictions/5swrrbmfpdrmc0cpr0jsh32jzr
            [stream] => https://stream.replicate.com/v1/files/bcwr-bx5awupgj5ajfolxp3nymlb7kbuiojwsprngmlrfcyp5rcbhi6kq
        )

)

[2025-05-11 16:20:10] URL da imagem gerada: https://replicate.delivery/xezq/wcaBQHSLiPpiCNbchbt3Pf3isoZaX5YFGpU2tS0ffD50BQXpA/out-0.png
[2025-05-11 16:20:11] Imagem salva com sucesso em: /home/desirechat/htdocs/www.desirechat.site/api/../uploads/chat_images/chatimg_1746980408_6820ce387d662.png
